0 info it worked if it ends with ok
1 verbose cli [ '/usr/bin/node', '/usr/bin/npm', 'login' ]
2 info using npm@3.5.2
3 info using node@v8.10.0
4 warn Username may not contain non-url-safe chars
5 verbose stack Error: canceled
5 verbose stack     at Interface.<anonymous> (/usr/share/npm/node_modules/read/lib/read.js:66:13)
5 verbose stack     at emitNone (events.js:106:13)
5 verbose stack     at Interface.emit (events.js:208:7)
5 verbose stack     at Interface._ttyWrite (readline.js:775:16)
5 verbose stack     at ReadStream.onkeypress (readline.js:160:10)
5 verbose stack     at emitTwo (events.js:126:13)
5 verbose stack     at ReadStream.emit (events.js:214:7)
5 verbose stack     at emitKeys (internal/readline.js:420:14)
5 verbose stack     at emitKeys.next (<anonymous>)
5 verbose stack     at ReadStream.onData (readline.js:1011:36)
6 verbose cwd /home/judith-c-q-i/Escritorio/LIM009-fe-md-links/lib
7 error Linux 4.18.0-21-generic
8 error argv "/usr/bin/node" "/usr/bin/npm" "login"
9 error node v8.10.0
10 error npm  v3.5.2
11 error canceled
12 error If you need help, you may report this error at:
12 error     <https://github.com/npm/npm/issues>
13 verbose exit [ 1, true ]
